[15-Mar-2024 16:26:09 UTC] WordPress database error Server shutdown in progress for query 
			SELECT  t.term_id
			FROM wp_terms AS t  INNER JOIN wp_term_taxonomy AS tt ON t.term_id = tt.term_id
			WHERE tt.taxonomy IN ('wp_theme') AND t.name IN ('astra')
			
			LIMIT 1
		 made by include('phar:///Applications/Local.app/Contents/Resources/extraResources/bin/wp-cli/wp-cli.phar/php/boot-phar.php'), include('phar:///Applications/Local.app/Contents/Resources/extraResources/bin/wp-cli/wp-cli.phar/vendor/wp-cli/wp-cli/php/wp-cli.php'), WP_CLI\bootstrap, WP_CLI\Bootstrap\LaunchRunner->process, WP_CLI\Runner->start, WP_CLI\Runner->load_wordpress, require('wp-settings.php'), do_action('init'), WP_Hook->do_action, WP_Hook->apply_filters, register_block_core_template_part, build_template_part_block_variations, build_template_part_block_instance_variations, get_block_templates, WP_Query->__construct, WP_Query->query, WP_Query->get_posts, WP_Tax_Query->get_sql, WP_Tax_Query->get_sql_clauses, WP_Tax_Query->get_sql_for_query, WP_Tax_Query->get_sql_for_clause, WP_Tax_Query->clean_query, WP_Tax_Query->transform_query, WP_Term_Query->query, WP_Term_Query->get_terms
[15-Mar-2024 16:26:09 UTC] WordPress database error Server shutdown in progress for query 
			SELECT  t.term_id
			FROM wp_terms AS t  INNER JOIN wp_term_taxonomy AS tt ON t.term_id = tt.term_id
			WHERE tt.taxonomy IN ('wp_theme') AND t.name IN ('astra')
			
			LIMIT 1
		 made by include('phar:///Applications/Local.app/Contents/Resources/extraResources/bin/wp-cli/wp-cli.phar/php/boot-phar.php'), include('phar:///Applications/Local.app/Contents/Resources/extraResources/bin/wp-cli/wp-cli.phar/vendor/wp-cli/wp-cli/php/wp-cli.php'), WP_CLI\bootstrap, WP_CLI\Bootstrap\LaunchRunner->process, WP_CLI\Runner->start, WP_CLI\Runner->do_early_invoke, WP_CLI\Runner->run_command_and_exit, WP_CLI\Runner->run_command, WP_CLI\Dispatcher\Subcommand->invoke, call_user_func, WP_CLI\Dispatcher\CommandFactory::WP_CLI\Dispatcher\{closure}, call_user_func, Eval_Command->__invoke, WP_CLI\Runner->load_wordpress, require('wp-settings.php'), do_action('init'), WP_Hook->do_action, WP_Hook->apply_filters, register_block_core_template_part, build_template_part_block_variations, build_template_part_block_instance_variations, get_block_templates, WP_Query->__construct, WP_Query->query, WP_Query->get_posts, WP_Tax_Query->get_sql, WP_Tax_Query->get_sql_clauses, WP_Tax_Query->get_sql_for_query, WP_Tax_Query->get_sql_for_clause, WP_Tax_Query->clean_query, WP_Tax_Query->transform_query, WP_Term_Query->query, WP_Term_Query->get_terms
[19-Mar-2024 15:46:05 UTC] Cron reschedule event error for hook: action_scheduler_run_queue, Error code: invalid_schedule, Error message: Event schedule does not exist., Data: {"schedule":"every_minute","args":["WP Cron"],"interval":60}
[19-Mar-2024 16:00:55 UTC] Cron reschedule event error for hook: action_scheduler_run_queue, Error code: invalid_schedule, Error message: Event schedule does not exist., Data: {"schedule":"every_minute","args":["WP Cron"],"interval":60}
[19-Mar-2024 16:25:32 UTC] Cron reschedule event error for hook: action_scheduler_run_queue, Error code: invalid_schedule, Error message: Event schedule does not exist., Data: {"schedule":"every_minute","args":["WP Cron"],"interval":60}
[19-Mar-2024 16:28:02 UTC] Cron reschedule event error for hook: action_scheduler_run_queue, Error code: invalid_schedule, Error message: Event schedule does not exist., Data: {"schedule":"every_minute","args":["WP Cron"],"interval":60}
[20-Mar-2024 16:33:29 UTC] PHP Warning:  Undefined array key 1 in /Users/kadir/Local Sites/siteexemple/app/public/wp-content/plugins/translatepress-multilingual/includes/class-plugin-optin.php on line 88
[20-Mar-2024 16:33:29 UTC] WordPress database error Table 'local.wp_trp_dictionary_en_us_' doesn't exist for query SELECT COUNT(id) FROM wp_trp_dictionary_en_us_ WHERE translated != '' made by do_action('admin_init'), WP_Hook->do_action, WP_Hook->apply_filters, TRP_Plugin_Optin->process_optin_actions
[21-Mar-2024 12:16:44 UTC] WordPress database error Server shutdown in progress for query SELECT option_value FROM wp_options WHERE option_name = '_site_transient_update_core' LIMIT 1 made by include('phar:///Applications/Local.app/Contents/Resources/extraResources/bin/wp-cli/wp-cli.phar/php/boot-phar.php'), include('phar:///Applications/Local.app/Contents/Resources/extraResources/bin/wp-cli/wp-cli.phar/vendor/wp-cli/wp-cli/php/wp-cli.php'), WP_CLI\bootstrap, WP_CLI\Bootstrap\LaunchRunner->process, WP_CLI\Runner->start, WP_CLI\Runner->run_command_and_exit, WP_CLI\Runner->run_command, WP_CLI\Dispatcher\Subcommand->invoke, call_user_func, WP_CLI\Dispatcher\CommandFactory::WP_CLI\Dispatcher\{closure}, call_user_func, Core_Command->check_update, Core_Command->get_updates, wp_version_check, get_site_transient, get_site_option, get_network_option, get_option
[21-Mar-2024 12:16:44 UTC] WordPress database error Server shutdown in progress for query SELECT option_value FROM wp_options WHERE option_name = '_site_transient_update_core' LIMIT 1 made by include('phar:///Applications/Local.app/Contents/Resources/extraResources/bin/wp-cli/wp-cli.phar/php/boot-phar.php'), include('phar:///Applications/Local.app/Contents/Resources/extraResources/bin/wp-cli/wp-cli.phar/vendor/wp-cli/wp-cli/php/wp-cli.php'), WP_CLI\bootstrap, WP_CLI\Bootstrap\LaunchRunner->process, WP_CLI\Runner->start, WP_CLI\Runner->run_command_and_exit, WP_CLI\Runner->run_command, WP_CLI\Dispatcher\Subcommand->invoke, call_user_func, WP_CLI\Dispatcher\CommandFactory::WP_CLI\Dispatcher\{closure}, call_user_func, Core_Command->check_update, Core_Command->get_updates, wp_version_check, get_site_transient, get_site_option, get_network_option, get_option
